# JRE version: OpenJDK Runtime Environment Temurin-21.0.6+7 (21.0.6+7) (build 21.0.6+7-LTS)
# Java VM: OpenJDK 64-Bit Server VM Temurin-21.0.6+7 (21.0.6+7-LTS, mixed mode, sharing, tiered, compressed oops, compressed class ptrs, parallel gc, windows-amd64)
GC Precious Log:
 CardTable entry size: 512
 CPUs: 20 total, 20 available
 Memory: 16068M
 Large Page Support: Disabled
 NUMA Support: Disabled
 Compressed Oops: Enabled (32-bit)
 Alignments: Space 512K, Generation 512K, Heap 2M
 Heap Min Capacity: 100M
 Heap Initial Capacity: 100M
 Heap Max Capacity: 1G
 Pre-touch: Disabled
 Parallel Workers: 15
Heap:
 PSYoungGen      total 24064K, used 24040K [0x00000000eab00000, 0x00000000ec880000, 0x0000000100000000)
  eden space 22016K, 100% used [0x00000000eab00000,0x00000000ec080000,0x00000000ec080000)
  from space 2048K, 98% used [0x00000000ec500000,0x00000000ec6fa0d8,0x00000000ec700000)
  to   space 1536K, 98% used [0x00000000ec700000,0x00000000ec87ad30,0x00000000ec880000)
 ParOldGen       total 68608K, used 49636K [0x00000000c0000000, 0x00000000c4300000, 0x00000000eab00000)
  object space 68608K, 72% used [0x00000000c0000000,0x00000000c307b0d8,0x00000000c4300000)
 Metaspace       used 55549K, committed 56896K, reserved 1114112K
  class space    used 6288K, committed 6912K, reserved 1048576K
GC Heap History (20 events):
Event: 4.758 GC heap after
{Heap after GC invocations=19 (full 2):
 PSYoungGen      total 24064K, used 2038K [0x00000000eab00000, 0x00000000ed480000, 0x0000000100000000)
  eden space 22016K, 0% used [0x00000000eab00000,0x00000000eab00000,0x00000000ec080000)
  from space 2048K, 99% used [0x00000000ec080000,0x00000000ec27db28,0x00000000ec280000)
  to   space 10240K, 0% used [0x00000000eca80000,0x00000000eca80000,0x00000000ed480000)
 ParOldGen       total 68608K, used 29480K [0x00000000c0000000, 0x00000000c4300000, 0x00000000eab00000)
  object space 68608K, 42% used [0x00000000c0000000,0x00000000c1cca140,0x00000000c4300000)
 Metaspace       used 39282K, committed 40320K, reserved 1114112K
  class space    used 4129K, committed 4544K, reserved 1048576K
}
Event: 5.088 GC heap before
{Heap before GC invocations=20 (full 2):
 PSYoungGen      total 24064K, used 24054K [0x00000000eab00000, 0x00000000ed480000, 0x0000000100000000)
  eden space 22016K, 100% used [0x00000000eab00000,0x00000000ec080000,0x00000000ec080000)
  from space 2048K, 99% used [0x00000000ec080000,0x00000000ec27db28,0x00000000ec280000)
  to   space 10240K, 0% used [0x00000000eca80000,0x00000000eca80000,0x00000000ed480000)
 ParOldGen       total 68608K, used 29480K [0x00000000c0000000, 0x00000000c4300000, 0x00000000eab00000)
  object space 68608K, 42% used [0x00000000c0000000,0x00000000c1cca140,0x00000000c4300000)
 Metaspace       used 41136K, committed 42240K, reserved 1114112K
  class space    used 4400K, committed 4864K, reserved 1048576K
}
Event: 5.089 GC heap after
{Heap after GC invocations=20 (full 2):
 PSYoungGen      total 23040K, used 873K [0x00000000eab00000, 0x00000000ecb80000, 0x0000000100000000)
  eden space 22016K, 0% used [0x00000000eab00000,0x00000000eab00000,0x00000000ec080000)
  from space 1024K, 85% used [0x00000000eca80000,0x00000000ecb5a4a0,0x00000000ecb80000)
  to   space 4096K, 0% used [0x00000000ec380000,0x00000000ec380000,0x00000000ec780000)
 ParOldGen       total 68608K, used 31464K [0x00000000c0000000, 0x00000000c4300000, 0x00000000eab00000)
  object space 68608K, 45% used [0x00000000c0000000,0x00000000c1eba0d0,0x00000000c4300000)
 Metaspace       used 41136K, committed 42240K, reserved 1114112K
  class space    used 4400K, committed 4864K, reserved 1048576K
}
Event: 5.397 GC heap before
{Heap before GC invocations=21 (full 2):
 PSYoungGen      total 23040K, used 22889K [0x00000000eab00000, 0x00000000ecb80000, 0x0000000100000000)
  eden space 22016K, 100% used [0x00000000eab00000,0x00000000ec080000,0x00000000ec080000)
  from space 1024K, 85% used [0x00000000eca80000,0x00000000ecb5a4a0,0x00000000ecb80000)
  to   space 4096K, 0% used [0x00000000ec380000,0x00000000ec380000,0x00000000ec780000)
 ParOldGen       total 68608K, used 31464K [0x00000000c0000000, 0x00000000c4300000, 0x00000000eab00000)
  object space 68608K, 45% used [0x00000000c0000000,0x00000000c1eba0d0,0x00000000c4300000)
 Metaspace       used 43204K, committed 44288K, reserved 1114112K
  class space    used 4692K, committed 5120K, reserved 1048576K
}
Event: 5.398 GC heap after
{Heap after GC invocations=21 (full 2):
 PSYoungGen      total 26112K, used 864K [0x00000000eab00000, 0x00000000ecb00000, 0x0000000100000000)
  eden space 22016K, 0% used [0x00000000eab00000,0x00000000eab00000,0x00000000ec080000)
  from space 4096K, 21% used [0x00000000ec380000,0x00000000ec458000,0x00000000ec780000)
  to   space 1536K, 0% used [0x00000000ec980000,0x00000000ec980000,0x00000000ecb00000)
 ParOldGen       total 68608K, used 31960K [0x00000000c0000000, 0x00000000c4300000, 0x00000000eab00000)
  object space 68608K, 46% used [0x00000000c0000000,0x00000000c1f360d0,0x00000000c4300000)
 Metaspace       used 43204K, committed 44288K, reserved 1114112K
  class space    used 4692K, committed 5120K, reserved 1048576K
}
Event: 5.606 GC heap before
{Heap before GC invocations=22 (full 2):
 PSYoungGen      total 26112K, used 22880K [0x00000000eab00000, 0x00000000ecb00000, 0x0000000100000000)
  eden space 22016K, 100% used [0x00000000eab00000,0x00000000ec080000,0x00000000ec080000)
  from space 4096K, 21% used [0x00000000ec380000,0x00000000ec458000,0x00000000ec780000)
  to   space 1536K, 0% used [0x00000000ec980000,0x00000000ec980000,0x00000000ecb00000)
 ParOldGen       total 68608K, used 31960K [0x00000000c0000000, 0x00000000c4300000, 0x00000000eab00000)
  object space 68608K, 46% used [0x00000000c0000000,0x00000000c1f360d0,0x00000000c4300000)
 Metaspace       used 44609K, committed 45696K, reserved 1114112K
  class space    used 4872K, committed 5312K, reserved 1048576K
}
Event: 5.607 GC heap after
{Heap after GC invocations=22 (full 2):
 PSYoungGen      total 23552K, used 1056K [0x00000000eab00000, 0x00000000ecb00000, 0x0000000100000000)
  eden space 22016K, 0% used [0x00000000eab00000,0x00000000eab00000,0x00000000ec080000)
  from space 1536K, 68% used [0x00000000ec980000,0x00000000eca88000,0x00000000ecb00000)
  to   space 1536K, 0% used [0x00000000ec800000,0x00000000ec800000,0x00000000ec980000)
 ParOldGen       total 68608K, used 32628K [0x00000000c0000000, 0x00000000c4300000, 0x00000000eab00000)
  object space 68608K, 47% used [0x00000000c0000000,0x00000000c1fdd0e0,0x00000000c4300000)
 Metaspace       used 44609K, committed 45696K, reserved 1114112K
  class space    used 4872K, committed 5312K, reserved 1048576K
}
Event: 5.767 GC heap before
{Heap before GC invocations=23 (full 2):
 PSYoungGen      total 23552K, used 23072K [0x00000000eab00000, 0x00000000ecb00000, 0x0000000100000000)
  eden space 22016K, 100% used [0x00000000eab00000,0x00000000ec080000,0x00000000ec080000)
  from space 1536K, 68% used [0x00000000ec980000,0x00000000eca88000,0x00000000ecb00000)
  to   space 1536K, 0% used [0x00000000ec800000,0x00000000ec800000,0x00000000ec980000)
 ParOldGen       total 68608K, used 32628K [0x00000000c0000000, 0x00000000c4300000, 0x00000000eab00000)
  object space 68608K, 47% used [0x00000000c0000000,0x00000000c1fdd0e0,0x00000000c4300000)
 Metaspace       used 46046K, committed 47168K, reserved 1114112K
  class space    used 5040K, committed 5504K, reserved 1048576K
}
Event: 5.768 GC heap after
{Heap after GC invocations=23 (full 2):
 PSYoungGen      total 23552K, used 1216K [0x00000000eab00000, 0x00000000eca00000, 0x0000000100000000)
  eden space 22016K, 0% used [0x00000000eab00000,0x00000000eab00000,0x00000000ec080000)
  from space 1536K, 79% used [0x00000000ec800000,0x00000000ec930000,0x00000000ec980000)
  to   space 512K, 0% used [0x00000000ec980000,0x00000000ec980000,0x00000000eca00000)
 ParOldGen       total 68608K, used 33429K [0x00000000c0000000, 0x00000000c4300000, 0x00000000eab00000)
  object space 68608K, 48% used [0x00000000c0000000,0x00000000c20a57b0,0x00000000c4300000)
 Metaspace       used 46046K, committed 47168K, reserved 1114112K
  class space    used 5040K, committed 5504K, reserved 1048576K
}
Event: 5.917 GC heap before
{Heap before GC invocations=24 (full 2):
 PSYoungGen      total 23552K, used 23232K [0x00000000eab00000, 0x00000000eca00000, 0x0000000100000000)
  eden space 22016K, 100% used [0x00000000eab00000,0x00000000ec080000,0x00000000ec080000)
  from space 1536K, 79% used [0x00000000ec800000,0x00000000ec930000,0x00000000ec980000)
  to   space 512K, 0% used [0x00000000ec980000,0x00000000ec980000,0x00000000eca00000)
 ParOldGen       total 68608K, used 33429K [0x00000000c0000000, 0x00000000c4300000, 0x00000000eab00000)
  object space 68608K, 48% used [0x00000000c0000000,0x00000000c20a57b0,0x00000000c4300000)
 Metaspace       used 47006K, committed 48064K, reserved 1114112K
  class space    used 5187K, committed 5632K, reserved 1048576K
}
Event: 5.919 GC heap after
{Heap after GC invocations=24 (full 2):
 PSYoungGen      total 22528K, used 488K [0x00000000eab00000, 0x00000000ecc80000, 0x0000000100000000)
  eden space 22016K, 0% used [0x00000000eab00000,0x00000000eab00000,0x00000000ec080000)
  from space 512K, 95% used [0x00000000ec980000,0x00000000ec9fa2b8,0x00000000eca00000)
  to   space 6144K, 0% used [0x00000000ec080000,0x00000000ec080000,0x00000000ec680000)
 ParOldGen       total 68608K, used 38237K [0x00000000c0000000, 0x00000000c4300000, 0x00000000eab00000)
  object space 68608K, 55% used [0x00000000c0000000,0x00000000c2557760,0x00000000c4300000)
 Metaspace       used 47006K, committed 48064K, reserved 1114112K
  class space    used 5187K, committed 5632K, reserved 1048576K
}
Event: 6.078 GC heap before
{Heap before GC invocations=25 (full 2):
 PSYoungGen      total 22528K, used 22504K [0x00000000eab00000, 0x00000000ecc80000, 0x0000000100000000)
  eden space 22016K, 100% used [0x00000000eab00000,0x00000000ec080000,0x00000000ec080000)
  from space 512K, 95% used [0x00000000ec980000,0x00000000ec9fa2b8,0x00000000eca00000)
  to   space 6144K, 0% used [0x00000000ec080000,0x00000000ec080000,0x00000000ec680000)
 ParOldGen       total 68608K, used 38237K [0x00000000c0000000, 0x00000000c4300000, 0x00000000eab00000)
  object space 68608K, 55% used [0x00000000c0000000,0x00000000c2557760,0x00000000c4300000)
 Metaspace       used 48620K, committed 49792K, reserved 1114112K
  class space    used 5439K, committed 5952K, reserved 1048576K
}
Event: 6.079 GC heap after
{Heap after GC invocations=25 (full 2):
 PSYoungGen      total 28160K, used 1312K [0x00000000eab00000, 0x00000000eca00000, 0x0000000100000000)
  eden space 22016K, 0% used [0x00000000eab00000,0x00000000eab00000,0x00000000ec080000)
  from space 6144K, 21% used [0x00000000ec080000,0x00000000ec1c8000,0x00000000ec680000)
  to   space 3072K, 0% used [0x00000000ec700000,0x00000000ec700000,0x00000000eca00000)
 ParOldGen       total 68608K, used 38775K [0x00000000c0000000, 0x00000000c4300000, 0x00000000eab00000)
  object space 68608K, 56% used [0x00000000c0000000,0x00000000c25ddc18,0x00000000c4300000)
 Metaspace       used 48620K, committed 49792K, reserved 1114112K
  class space    used 5439K, committed 5952K, reserved 1048576K
}
Event: 6.254 GC heap before
{Heap before GC invocations=26 (full 2):
 PSYoungGen      total 28160K, used 23328K [0x00000000eab00000, 0x00000000eca00000, 0x0000000100000000)
  eden space 22016K, 100% used [0x00000000eab00000,0x00000000ec080000,0x00000000ec080000)
  from space 6144K, 21% used [0x00000000ec080000,0x00000000ec1c8000,0x00000000ec680000)
  to   space 3072K, 0% used [0x00000000ec700000,0x00000000ec700000,0x00000000eca00000)
 ParOldGen       total 68608K, used 38775K [0x00000000c0000000, 0x00000000c4300000, 0x00000000eab00000)
  object space 68608K, 56% used [0x00000000c0000000,0x00000000c25ddc18,0x00000000c4300000)
 Metaspace       used 51112K, committed 52352K, reserved 1114112K
  class space    used 5775K, committed 6336K, reserved 1048576K
}
Event: 6.256 GC heap after
{Heap after GC invocations=26 (full 2):
 PSYoungGen      total 24064K, used 1894K [0x00000000eab00000, 0x00000000ec900000, 0x0000000100000000)
  eden space 22016K, 0% used [0x00000000eab00000,0x00000000eab00000,0x00000000ec080000)
  from space 2048K, 92% used [0x00000000ec700000,0x00000000ec8d9ab0,0x00000000ec900000)
  to   space 2048K, 0% used [0x00000000ec500000,0x00000000ec500000,0x00000000ec700000)
 ParOldGen       total 68608K, used 39803K [0x00000000c0000000, 0x00000000c4300000, 0x00000000eab00000)
  object space 68608K, 58% used [0x00000000c0000000,0x00000000c26dee38,0x00000000c4300000)
 Metaspace       used 51112K, committed 52352K, reserved 1114112K
  class space    used 5775K, committed 6336K, reserved 1048576K
}
Event: 6.408 GC heap before
{Heap before GC invocations=27 (full 2):
 PSYoungGen      total 24064K, used 23885K [0x00000000eab00000, 0x00000000ec900000, 0x0000000100000000)
  eden space 22016K, 99% used [0x00000000eab00000,0x00000000ec0799a0,0x00000000ec080000)
  from space 2048K, 92% used [0x00000000ec700000,0x00000000ec8d9ab0,0x00000000ec900000)
  to   space 2048K, 0% used [0x00000000ec500000,0x00000000ec500000,0x00000000ec700000)
 ParOldGen       total 68608K, used 39803K [0x00000000c0000000, 0x00000000c4300000, 0x00000000eab00000)
  object space 68608K, 58% used [0x00000000c0000000,0x00000000c26dee38,0x00000000c4300000)
 Metaspace       used 53363K, committed 54656K, reserved 1114112K
  class space    used 6026K, committed 6592K, reserved 1048576K
}
Event: 6.410 GC heap after
{Heap after GC invocations=27 (full 2):
 PSYoungGen      total 24064K, used 1557K [0x00000000eab00000, 0x00000000ec780000, 0x0000000100000000)
  eden space 22016K, 0% used [0x00000000eab00000,0x00000000eab00000,0x00000000ec080000)
  from space 2048K, 76% used [0x00000000ec500000,0x00000000ec685760,0x00000000ec700000)
  to   space 512K, 0% used [0x00000000ec700000,0x00000000ec700000,0x00000000ec780000)
 ParOldGen       total 68608K, used 41419K [0x00000000c0000000, 0x00000000c4300000, 0x00000000eab00000)
  object space 68608K, 60% used [0x00000000c0000000,0x00000000c2872c08,0x00000000c4300000)
 Metaspace       used 53363K, committed 54656K, reserved 1114112K
  class space    used 6026K, committed 6592K, reserved 1048576K
}
Event: 6.555 GC heap before
{Heap before GC invocations=28 (full 2):
 PSYoungGen      total 24064K, used 23573K [0x00000000eab00000, 0x00000000ec780000, 0x0000000100000000)
  eden space 22016K, 100% used [0x00000000eab00000,0x00000000ec080000,0x00000000ec080000)
  from space 2048K, 76% used [0x00000000ec500000,0x00000000ec685760,0x00000000ec700000)
  to   space 512K, 0% used [0x00000000ec700000,0x00000000ec700000,0x00000000ec780000)
 ParOldGen       total 68608K, used 41419K [0x00000000c0000000, 0x00000000c4300000, 0x00000000eab00000)
  object space 68608K, 60% used [0x00000000c0000000,0x00000000c2872c08,0x00000000c4300000)
 Metaspace       used 54878K, committed 56192K, reserved 1114112K
  class space    used 6221K, committed 6848K, reserved 1048576K
}
Event: 8.570 GC heap after
{Heap after GC invocations=28 (full 2):
 PSYoungGen      total 22528K, used 512K [0x00000000eab00000, 0x00000000ec780000, 0x0000000100000000)
  eden space 22016K, 0% used [0x00000000eab00000,0x00000000eab00000,0x00000000ec080000)
  from space 512K, 100% used [0x00000000ec700000,0x00000000ec780000,0x00000000ec780000)
  to   space 2048K, 0% used [0x00000000ec500000,0x00000000ec500000,0x00000000ec700000)
 ParOldGen       total 68608K, used 45312K [0x00000000c0000000, 0x00000000c4300000, 0x00000000eab00000)
  object space 68608K, 66% used [0x00000000c0000000,0x00000000c2c401f8,0x00000000c4300000)
 Metaspace       used 54878K, committed 56192K, reserved 1114112K
  class space    used 6221K, committed 6848K, reserved 1048576K
}
Event: 8.727 GC heap before
{Heap before GC invocations=29 (full 2):
 PSYoungGen      total 22528K, used 22528K [0x00000000eab00000, 0x00000000ec780000, 0x0000000100000000)
  eden space 22016K, 100% used [0x00000000eab00000,0x00000000ec080000,0x00000000ec080000)
  from space 512K, 100% used [0x00000000ec700000,0x00000000ec780000,0x00000000ec780000)
  to   space 2048K, 0% used [0x00000000ec500000,0x00000000ec500000,0x00000000ec700000)
 ParOldGen       total 68608K, used 45312K [0x00000000c0000000, 0x00000000c4300000, 0x00000000eab00000)
  object space 68608K, 66% used [0x00000000c0000000,0x00000000c2c401f8,0x00000000c4300000)
 Metaspace       used 55430K, committed 56832K, reserved 1114112K
  class space    used 6281K, committed 6912K, reserved 1048576K
}

