# JRE version: OpenJDK Runtime Environment Temurin-21.0.8+9 (21.0.8+9) (build 21.0.8+9-LTS)
# Java VM: OpenJDK 64-Bit Server VM Temurin-21.0.8+9 (21.0.8+9-LTS, mixed mode, sharing, tiered, compressed oops, compressed class ptrs, parallel gc, windows-amd64)
GC Precious Log:
 CardTable entry size: 512
 CPUs: 20 total, 20 available
 Memory: 16068M
 Large Page Support: Disabled
 NUMA Support: Disabled
 Compressed Oops: Enabled (32-bit)
 Alignments: Space 512K, Generation 512K, Heap 2M
 Heap Min Capacity: 100M
 Heap Initial Capacity: 100M
 Heap Max Capacity: 2G
 Pre-touch: Disabled
 Parallel Workers: 15
Heap:
 PSYoungGen      total 5120K, used 4984K [0x00000000d5580000, 0x00000000d5b80000, 0x0000000100000000)
  eden space 4608K, 97% used [0x00000000d5580000,0x00000000d59e6210,0x00000000d5a00000)
  from space 512K, 93% used [0x00000000d5b00000,0x00000000d5b78000,0x00000000d5b80000)
  to   space 512K, 0% used [0x00000000d5a80000,0x00000000d5a80000,0x00000000d5b00000)
 ParOldGen       total 526848K, used 349153K [0x0000000080000000, 0x00000000a0280000, 0x00000000d5580000)
  object space 526848K, 66% used [0x0000000080000000,0x00000000954f8490,0x00000000a0280000)
 Metaspace       used 105212K, committed 107136K, reserved 1179648K
  class space    used 14625K, committed 15488K, reserved 1048576K
GC Heap History (20 events):
Event: 74.921 GC heap after
{Heap after GC invocations=936 (full 4):
 PSYoungGen      total 5120K, used 512K [0x00000000d5580000, 0x00000000d5c00000, 0x0000000100000000)
  eden space 4608K, 0% used [0x00000000d5580000,0x00000000d5580000,0x00000000d5a00000)
  from space 512K, 100% used [0x00000000d5b00000,0x00000000d5b80000,0x00000000d5b80000)
  to   space 1024K, 0% used [0x00000000d5a00000,0x00000000d5a00000,0x00000000d5b00000)
 ParOldGen       total 526848K, used 346114K [0x0000000080000000, 0x00000000a0280000, 0x00000000d5580000)
  object space 526848K, 65% used [0x0000000080000000,0x0000000095200a30,0x00000000a0280000)
 Metaspace       used 104467K, committed 106368K, reserved 1179648K
  class space    used 14516K, committed 15424K, reserved 1048576K
}
Event: 74.933 GC heap before
{Heap before GC invocations=937 (full 4):
 PSYoungGen      total 5120K, used 5120K [0x00000000d5580000, 0x00000000d5c00000, 0x0000000100000000)
  eden space 4608K, 100% used [0x00000000d5580000,0x00000000d5a00000,0x00000000d5a00000)
  from space 512K, 100% used [0x00000000d5b00000,0x00000000d5b80000,0x00000000d5b80000)
  to   space 1024K, 0% used [0x00000000d5a00000,0x00000000d5a00000,0x00000000d5b00000)
 ParOldGen       total 526848K, used 346114K [0x0000000080000000, 0x00000000a0280000, 0x00000000d5580000)
  object space 526848K, 65% used [0x0000000080000000,0x0000000095200a30,0x00000000a0280000)
 Metaspace       used 104467K, committed 106368K, reserved 1179648K
  class space    used 14516K, committed 15424K, reserved 1048576K
}
Event: 74.934 GC heap after
{Heap after GC invocations=937 (full 4):
 PSYoungGen      total 5632K, used 754K [0x00000000d5580000, 0x00000000d5c00000, 0x0000000100000000)
  eden space 4608K, 0% used [0x00000000d5580000,0x00000000d5580000,0x00000000d5a00000)
  from space 1024K, 73% used [0x00000000d5a00000,0x00000000d5abcb58,0x00000000d5b00000)
  to   space 1024K, 0% used [0x00000000d5b00000,0x00000000d5b00000,0x00000000d5c00000)
 ParOldGen       total 526848K, used 346504K [0x0000000080000000, 0x00000000a0280000, 0x00000000d5580000)
  object space 526848K, 65% used [0x0000000080000000,0x0000000095262380,0x00000000a0280000)
 Metaspace       used 104467K, committed 106368K, reserved 1179648K
  class space    used 14516K, committed 15424K, reserved 1048576K
}
Event: 74.948 GC heap before
{Heap before GC invocations=938 (full 4):
 PSYoungGen      total 5632K, used 5362K [0x00000000d5580000, 0x00000000d5c00000, 0x0000000100000000)
  eden space 4608K, 100% used [0x00000000d5580000,0x00000000d5a00000,0x00000000d5a00000)
  from space 1024K, 73% used [0x00000000d5a00000,0x00000000d5abcb58,0x00000000d5b00000)
  to   space 1024K, 0% used [0x00000000d5b00000,0x00000000d5b00000,0x00000000d5c00000)
 ParOldGen       total 526848K, used 346504K [0x0000000080000000, 0x00000000a0280000, 0x00000000d5580000)
  object space 526848K, 65% used [0x0000000080000000,0x0000000095262380,0x00000000a0280000)
 Metaspace       used 104467K, committed 106368K, reserved 1179648K
  class space    used 14516K, committed 15424K, reserved 1048576K
}
Event: 74.949 GC heap after
{Heap after GC invocations=938 (full 4):
 PSYoungGen      total 5120K, used 340K [0x00000000d5580000, 0x00000000d5b80000, 0x0000000100000000)
  eden space 4608K, 0% used [0x00000000d5580000,0x00000000d5580000,0x00000000d5a00000)
  from space 512K, 66% used [0x00000000d5b00000,0x00000000d5b550c0,0x00000000d5b80000)
  to   space 512K, 0% used [0x00000000d5a80000,0x00000000d5a80000,0x00000000d5b00000)
 ParOldGen       total 526848K, used 346867K [0x0000000080000000, 0x00000000a0280000, 0x00000000d5580000)
  object space 526848K, 65% used [0x0000000080000000,0x00000000952bccb0,0x00000000a0280000)
 Metaspace       used 104467K, committed 106368K, reserved 1179648K
  class space    used 14516K, committed 15424K, reserved 1048576K
}
Event: 74.963 GC heap before
{Heap before GC invocations=939 (full 4):
 PSYoungGen      total 5120K, used 4948K [0x00000000d5580000, 0x00000000d5b80000, 0x0000000100000000)
  eden space 4608K, 100% used [0x00000000d5580000,0x00000000d5a00000,0x00000000d5a00000)
  from space 512K, 66% used [0x00000000d5b00000,0x00000000d5b550c0,0x00000000d5b80000)
  to   space 512K, 0% used [0x00000000d5a80000,0x00000000d5a80000,0x00000000d5b00000)
 ParOldGen       total 526848K, used 346867K [0x0000000080000000, 0x00000000a0280000, 0x00000000d5580000)
  object space 526848K, 65% used [0x0000000080000000,0x00000000952bccb0,0x00000000a0280000)
 Metaspace       used 104467K, committed 106368K, reserved 1179648K
  class space    used 14516K, committed 15424K, reserved 1048576K
}
Event: 74.964 GC heap after
{Heap after GC invocations=939 (full 4):
 PSYoungGen      total 5120K, used 512K [0x00000000d5580000, 0x00000000d5c00000, 0x0000000100000000)
  eden space 4608K, 0% used [0x00000000d5580000,0x00000000d5580000,0x00000000d5a00000)
  from space 512K, 100% used [0x00000000d5a80000,0x00000000d5b00000,0x00000000d5b00000)
  to   space 1024K, 0% used [0x00000000d5b00000,0x00000000d5b00000,0x00000000d5c00000)
 ParOldGen       total 526848K, used 346987K [0x0000000080000000, 0x00000000a0280000, 0x00000000d5580000)
  object space 526848K, 65% used [0x0000000080000000,0x00000000952dacb0,0x00000000a0280000)
 Metaspace       used 104467K, committed 106368K, reserved 1179648K
  class space    used 14516K, committed 15424K, reserved 1048576K
}
Event: 75.049 GC heap before
{Heap before GC invocations=940 (full 4):
 PSYoungGen      total 5120K, used 5120K [0x00000000d5580000, 0x00000000d5c00000, 0x0000000100000000)
  eden space 4608K, 100% used [0x00000000d5580000,0x00000000d5a00000,0x00000000d5a00000)
  from space 512K, 100% used [0x00000000d5a80000,0x00000000d5b00000,0x00000000d5b00000)
  to   space 1024K, 0% used [0x00000000d5b00000,0x00000000d5b00000,0x00000000d5c00000)
 ParOldGen       total 526848K, used 346987K [0x0000000080000000, 0x00000000a0280000, 0x00000000d5580000)
  object space 526848K, 65% used [0x0000000080000000,0x00000000952dacb0,0x00000000a0280000)
 Metaspace       used 104729K, committed 106624K, reserved 1179648K
  class space    used 14565K, committed 15424K, reserved 1048576K
}
Event: 75.051 GC heap after
{Heap after GC invocations=940 (full 4):
 PSYoungGen      total 5120K, used 448K [0x00000000d5580000, 0x00000000d5b80000, 0x0000000100000000)
  eden space 4608K, 0% used [0x00000000d5580000,0x00000000d5580000,0x00000000d5a00000)
  from space 512K, 87% used [0x00000000d5b00000,0x00000000d5b70000,0x00000000d5b80000)
  to   space 512K, 0% used [0x00000000d5a80000,0x00000000d5a80000,0x00000000d5b00000)
 ParOldGen       total 526848K, used 347139K [0x0000000080000000, 0x00000000a0280000, 0x00000000d5580000)
  object space 526848K, 65% used [0x0000000080000000,0x0000000095300cc0,0x00000000a0280000)
 Metaspace       used 104729K, committed 106624K, reserved 1179648K
  class space    used 14565K, committed 15424K, reserved 1048576K
}
Event: 76.277 GC heap before
{Heap before GC invocations=941 (full 4):
 PSYoungGen      total 5120K, used 5055K [0x00000000d5580000, 0x00000000d5b80000, 0x0000000100000000)
  eden space 4608K, 99% used [0x00000000d5580000,0x00000000d59fffd0,0x00000000d5a00000)
  from space 512K, 87% used [0x00000000d5b00000,0x00000000d5b70000,0x00000000d5b80000)
  to   space 512K, 0% used [0x00000000d5a80000,0x00000000d5a80000,0x00000000d5b00000)
 ParOldGen       total 526848K, used 347139K [0x0000000080000000, 0x00000000a0280000, 0x00000000d5580000)
  object space 526848K, 65% used [0x0000000080000000,0x0000000095300cc0,0x00000000a0280000)
 Metaspace       used 105007K, committed 106880K, reserved 1179648K
  class space    used 14612K, committed 15488K, reserved 1048576K
}
Event: 76.279 GC heap after
{Heap after GC invocations=941 (full 4):
 PSYoungGen      total 5120K, used 416K [0x00000000d5580000, 0x00000000d5b80000, 0x0000000100000000)
  eden space 4608K, 0% used [0x00000000d5580000,0x00000000d5580000,0x00000000d5a00000)
  from space 512K, 81% used [0x00000000d5a80000,0x00000000d5ae8000,0x00000000d5b00000)
  to   space 512K, 0% used [0x00000000d5b00000,0x00000000d5b00000,0x00000000d5b80000)
 ParOldGen       total 526848K, used 347307K [0x0000000080000000, 0x00000000a0280000, 0x00000000d5580000)
  object space 526848K, 65% used [0x0000000080000000,0x000000009532acc0,0x00000000a0280000)
 Metaspace       used 105007K, committed 106880K, reserved 1179648K
  class space    used 14612K, committed 15488K, reserved 1048576K
}
Event: 83.042 GC heap before
{Heap before GC invocations=942 (full 4):
 PSYoungGen      total 5120K, used 5024K [0x00000000d5580000, 0x00000000d5b80000, 0x0000000100000000)
  eden space 4608K, 100% used [0x00000000d5580000,0x00000000d5a00000,0x00000000d5a00000)
  from space 512K, 81% used [0x00000000d5a80000,0x00000000d5ae8000,0x00000000d5b00000)
  to   space 512K, 0% used [0x00000000d5b00000,0x00000000d5b00000,0x00000000d5b80000)
 ParOldGen       total 526848K, used 347307K [0x0000000080000000, 0x00000000a0280000, 0x00000000d5580000)
  object space 526848K, 65% used [0x0000000080000000,0x000000009532acc0,0x00000000a0280000)
 Metaspace       used 105061K, committed 107008K, reserved 1179648K
  class space    used 14612K, committed 15488K, reserved 1048576K
}
Event: 83.044 GC heap after
{Heap after GC invocations=942 (full 4):
 PSYoungGen      total 5120K, used 352K [0x00000000d5580000, 0x00000000d5b80000, 0x0000000100000000)
  eden space 4608K, 0% used [0x00000000d5580000,0x00000000d5580000,0x00000000d5a00000)
  from space 512K, 68% used [0x00000000d5b00000,0x00000000d5b58000,0x00000000d5b80000)
  to   space 512K, 0% used [0x00000000d5a80000,0x00000000d5a80000,0x00000000d5b00000)
 ParOldGen       total 526848K, used 347451K [0x0000000080000000, 0x00000000a0280000, 0x00000000d5580000)
  object space 526848K, 65% used [0x0000000080000000,0x000000009534ecd0,0x00000000a0280000)
 Metaspace       used 105061K, committed 107008K, reserved 1179648K
  class space    used 14612K, committed 15488K, reserved 1048576K
}
Event: 83.124 GC heap before
{Heap before GC invocations=943 (full 4):
 PSYoungGen      total 5120K, used 4955K [0x00000000d5580000, 0x00000000d5b80000, 0x0000000100000000)
  eden space 4608K, 99% used [0x00000000d5580000,0x00000000d59feed8,0x00000000d5a00000)
  from space 512K, 68% used [0x00000000d5b00000,0x00000000d5b58000,0x00000000d5b80000)
  to   space 512K, 0% used [0x00000000d5a80000,0x00000000d5a80000,0x00000000d5b00000)
 ParOldGen       total 526848K, used 347451K [0x0000000080000000, 0x00000000a0280000, 0x00000000d5580000)
  object space 526848K, 65% used [0x0000000080000000,0x000000009534ecd0,0x00000000a0280000)
 Metaspace       used 105206K, committed 107136K, reserved 1179648K
  class space    used 14625K, committed 15488K, reserved 1048576K
}
Event: 83.125 GC heap after
{Heap after GC invocations=943 (full 4):
 PSYoungGen      total 5120K, used 460K [0x00000000d5580000, 0x00000000d5b80000, 0x0000000100000000)
  eden space 4608K, 0% used [0x00000000d5580000,0x00000000d5580000,0x00000000d5a00000)
  from space 512K, 89% used [0x00000000d5a80000,0x00000000d5af3230,0x00000000d5b00000)
  to   space 512K, 0% used [0x00000000d5b00000,0x00000000d5b00000,0x00000000d5b80000)
 ParOldGen       total 526848K, used 347572K [0x0000000080000000, 0x00000000a0280000, 0x00000000d5580000)
  object space 526848K, 65% used [0x0000000080000000,0x000000009536d250,0x00000000a0280000)
 Metaspace       used 105206K, committed 107136K, reserved 1179648K
  class space    used 14625K, committed 15488K, reserved 1048576K
}
Event: 83.140 GC heap before
{Heap before GC invocations=944 (full 4):
 PSYoungGen      total 5120K, used 5068K [0x00000000d5580000, 0x00000000d5b80000, 0x0000000100000000)
  eden space 4608K, 100% used [0x00000000d5580000,0x00000000d5a00000,0x00000000d5a00000)
  from space 512K, 89% used [0x00000000d5a80000,0x00000000d5af3230,0x00000000d5b00000)
  to   space 512K, 0% used [0x00000000d5b00000,0x00000000d5b00000,0x00000000d5b80000)
 ParOldGen       total 526848K, used 347572K [0x0000000080000000, 0x00000000a0280000, 0x00000000d5580000)
  object space 526848K, 65% used [0x0000000080000000,0x000000009536d250,0x00000000a0280000)
 Metaspace       used 105209K, committed 107136K, reserved 1179648K
  class space    used 14625K, committed 15488K, reserved 1048576K
}
Event: 85.152 GC heap after
{Heap after GC invocations=944 (full 4):
 PSYoungGen      total 5120K, used 504K [0x00000000d5580000, 0x00000000d5b80000, 0x0000000100000000)
  eden space 4608K, 0% used [0x00000000d5580000,0x00000000d5580000,0x00000000d5a00000)
  from space 512K, 98% used [0x00000000d5b00000,0x00000000d5b7e0f0,0x00000000d5b80000)
  to   space 512K, 0% used [0x00000000d5a80000,0x00000000d5a80000,0x00000000d5b00000)
 ParOldGen       total 526848K, used 348097K [0x0000000080000000, 0x00000000a0280000, 0x00000000d5580000)
  object space 526848K, 66% used [0x0000000080000000,0x00000000953f0488,0x00000000a0280000)
 Metaspace       used 105209K, committed 107136K, reserved 1179648K
  class space    used 14625K, committed 15488K, reserved 1048576K
}
Event: 85.166 GC heap before
{Heap before GC invocations=945 (full 4):
 PSYoungGen      total 5120K, used 5112K [0x00000000d5580000, 0x00000000d5b80000, 0x0000000100000000)
  eden space 4608K, 100% used [0x00000000d5580000,0x00000000d5a00000,0x00000000d5a00000)
  from space 512K, 98% used [0x00000000d5b00000,0x00000000d5b7e0f0,0x00000000d5b80000)
  to   space 512K, 0% used [0x00000000d5a80000,0x00000000d5a80000,0x00000000d5b00000)
 ParOldGen       total 526848K, used 348097K [0x0000000080000000, 0x00000000a0280000, 0x00000000d5580000)
  object space 526848K, 66% used [0x0000000080000000,0x00000000953f0488,0x00000000a0280000)
 Metaspace       used 105211K, committed 107136K, reserved 1179648K
  class space    used 14625K, committed 15488K, reserved 1048576K
}
Event: 87.178 GC heap after
{Heap after GC invocations=945 (full 4):
 PSYoungGen      total 5120K, used 502K [0x00000000d5580000, 0x00000000d5b80000, 0x0000000100000000)
  eden space 4608K, 0% used [0x00000000d5580000,0x00000000d5580000,0x00000000d5a00000)
  from space 512K, 98% used [0x00000000d5a80000,0x00000000d5afda48,0x00000000d5b00000)
  to   space 512K, 0% used [0x00000000d5b00000,0x00000000d5b00000,0x00000000d5b80000)
 ParOldGen       total 526848K, used 348694K [0x0000000080000000, 0x00000000a0280000, 0x00000000d5580000)
  object space 526848K, 66% used [0x0000000080000000,0x0000000095485900,0x00000000a0280000)
 Metaspace       used 105211K, committed 107136K, reserved 1179648K
  class space    used 14625K, committed 15488K, reserved 1048576K
}
Event: 87.192 GC heap before
{Heap before GC invocations=946 (full 4):
 PSYoungGen      total 5120K, used 5110K [0x00000000d5580000, 0x00000000d5b80000, 0x0000000100000000)
  eden space 4608K, 100% used [0x00000000d5580000,0x00000000d5a00000,0x00000000d5a00000)
  from space 512K, 98% used [0x00000000d5a80000,0x00000000d5afda48,0x00000000d5b00000)
  to   space 512K, 0% used [0x00000000d5b00000,0x00000000d5b00000,0x00000000d5b80000)
 ParOldGen       total 526848K, used 348694K [0x0000000080000000, 0x00000000a0280000, 0x00000000d5580000)
  object space 526848K, 66% used [0x0000000080000000,0x0000000095485900,0x00000000a0280000)
 Metaspace       used 105211K, committed 107136K, reserved 1179648K
  class space    used 14625K, committed 15488K, reserved 1048576K
}

